Started GET "/" for 127.0.0.1 at 2019-02-11 13:35:50 +0530
Processing by Rails::WelcomeController#index as HTML
  Rendering /Users/dileepkumar/.rvm/gems/ruby-2.3.1/gems/railties-5.2.2/lib/rails/templates/rails/welcome/index.html.erb
  Rendered /Users/dileepkumar/.rvm/gems/ruby-2.3.1/gems/railties-5.2.2/lib/rails/templates/rails/welcome/index.html.erb (4.7ms)
Completed 200 OK in 26ms (Views: 15.5ms)


Started GET "/alpha_to_number/aa" for 127.0.0.1 at 2019-02-11 13:44:45 +0530
  
ActionController::RoutingError (No route matches [GET] "/alpha_to_number/aa"):
  
actionpack (5.2.2) lib/action_dispatch/middleware/debug_exceptions.rb:65:in `call'
web-console (3.7.0) lib/web_console/middleware.rb:135:in `call_app'
web-console (3.7.0) lib/web_console/middleware.rb:30:in `block in call'
web-console (3.7.0) lib/web_console/middleware.rb:20:in `catch'
web-console (3.7.0) lib/web_console/middleware.rb:20:in `call'
actionpack (5.2.2) lib/action_dispatch/middleware/show_exceptions.rb:33:in `call'
railties (5.2.2) lib/rails/rack/logger.rb:38:in `call_app'
railties (5.2.2) lib/rails/rack/logger.rb:26:in `block in call'
activesupport (5.2.2) lib/active_support/tagged_logging.rb:71:in `block in tagged'
activesupport (5.2.2) lib/active_support/tagged_logging.rb:28:in `tagged'
activesupport (5.2.2) lib/active_support/tagged_logging.rb:71:in `tagged'
railties (5.2.2) lib/rails/rack/logger.rb:26:in `call'
sprockets-rails (3.2.1) lib/sprockets/rails/quiet_assets.rb:13:in `call'
actionpack (5.2.2) lib/action_dispatch/middleware/remote_ip.rb:81:in `call'
actionpack (5.2.2) lib/action_dispatch/middleware/request_id.rb:27:in `call'
rack (2.0.6) lib/rack/method_override.rb:22:in `call'
rack (2.0.6) lib/rack/runtime.rb:22:in `call'
activesupport (5.2.2) lib/active_support/cache/strategy/local_cache_middleware.rb:29:in `call'
actionpack (5.2.2) lib/action_dispatch/middleware/executor.rb:14:in `call'
actionpack (5.2.2) lib/action_dispatch/middleware/static.rb:127:in `call'
rack (2.0.6) lib/rack/sendfile.rb:111:in `call'
railties (5.2.2) lib/rails/engine.rb:524:in `call'
puma (3.12.0) lib/puma/configuration.rb:225:in `call'
puma (3.12.0) lib/puma/server.rb:658:in `handle_request'
puma (3.12.0) lib/puma/server.rb:472:in `process_client'
puma (3.12.0) lib/puma/server.rb:332:in `block in run'
puma (3.12.0) lib/puma/thread_pool.rb:133:in `block in spawn_thread'
Started GET "/api/v1/alpha_to_number/aa" for 127.0.0.1 at 2019-02-11 13:45:02 +0530
Processing by Api::V1::AlphaNumericController#alpha_to_number as */*
  Parameters: {"string"=>"aa"}
Completed 200 OK in 1ms (Views: 0.2ms)


Started GET "/api/v1/alpha_to_number/baa" for 127.0.0.1 at 2019-02-11 13:45:08 +0530
Processing by Api::V1::AlphaNumericController#alpha_to_number as */*
  Parameters: {"string"=>"baa"}
Completed 200 OK in 0ms (Views: 0.1ms)


Started GET "/api/v1/alpha_to_number/" for 127.0.0.1 at 2019-02-11 13:45:40 +0530
  
ActionController::RoutingError (No route matches [GET] "/api/v1/alpha_to_number"):
  
actionpack (5.2.2) lib/action_dispatch/middleware/debug_exceptions.rb:65:in `call'
web-console (3.7.0) lib/web_console/middleware.rb:135:in `call_app'
web-console (3.7.0) lib/web_console/middleware.rb:30:in `block in call'
web-console (3.7.0) lib/web_console/middleware.rb:20:in `catch'
web-console (3.7.0) lib/web_console/middleware.rb:20:in `call'
actionpack (5.2.2) lib/action_dispatch/middleware/show_exceptions.rb:33:in `call'
railties (5.2.2) lib/rails/rack/logger.rb:38:in `call_app'
railties (5.2.2) lib/rails/rack/logger.rb:26:in `block in call'
activesupport (5.2.2) lib/active_support/tagged_logging.rb:71:in `block in tagged'
activesupport (5.2.2) lib/active_support/tagged_logging.rb:28:in `tagged'
activesupport (5.2.2) lib/active_support/tagged_logging.rb:71:in `tagged'
railties (5.2.2) lib/rails/rack/logger.rb:26:in `call'
sprockets-rails (3.2.1) lib/sprockets/rails/quiet_assets.rb:13:in `call'
actionpack (5.2.2) lib/action_dispatch/middleware/remote_ip.rb:81:in `call'
actionpack (5.2.2) lib/action_dispatch/middleware/request_id.rb:27:in `call'
rack (2.0.6) lib/rack/method_override.rb:22:in `call'
rack (2.0.6) lib/rack/runtime.rb:22:in `call'
activesupport (5.2.2) lib/active_support/cache/strategy/local_cache_middleware.rb:29:in `call'
actionpack (5.2.2) lib/action_dispatch/middleware/executor.rb:14:in `call'
actionpack (5.2.2) lib/action_dispatch/middleware/static.rb:127:in `call'
rack (2.0.6) lib/rack/sendfile.rb:111:in `call'
railties (5.2.2) lib/rails/engine.rb:524:in `call'
puma (3.12.0) lib/puma/configuration.rb:225:in `call'
puma (3.12.0) lib/puma/server.rb:658:in `handle_request'
puma (3.12.0) lib/puma/server.rb:472:in `process_client'
puma (3.12.0) lib/puma/server.rb:332:in `block in run'
puma (3.12.0) lib/puma/thread_pool.rb:133:in `block in spawn_thread'
Started GET "/api/v1/alpha_to_number/" for 127.0.0.1 at 2019-02-11 13:45:51 +0530
  
ActionController::RoutingError (No route matches [GET] "/api/v1/alpha_to_number"):
  
actionpack (5.2.2) lib/action_dispatch/middleware/debug_exceptions.rb:65:in `call'
web-console (3.7.0) lib/web_console/middleware.rb:135:in `call_app'
web-console (3.7.0) lib/web_console/middleware.rb:30:in `block in call'
web-console (3.7.0) lib/web_console/middleware.rb:20:in `catch'
web-console (3.7.0) lib/web_console/middleware.rb:20:in `call'
actionpack (5.2.2) lib/action_dispatch/middleware/show_exceptions.rb:33:in `call'
railties (5.2.2) lib/rails/rack/logger.rb:38:in `call_app'
railties (5.2.2) lib/rails/rack/logger.rb:26:in `block in call'
activesupport (5.2.2) lib/active_support/tagged_logging.rb:71:in `block in tagged'
activesupport (5.2.2) lib/active_support/tagged_logging.rb:28:in `tagged'
activesupport (5.2.2) lib/active_support/tagged_logging.rb:71:in `tagged'
railties (5.2.2) lib/rails/rack/logger.rb:26:in `call'
sprockets-rails (3.2.1) lib/sprockets/rails/quiet_assets.rb:13:in `call'
actionpack (5.2.2) lib/action_dispatch/middleware/remote_ip.rb:81:in `call'
actionpack (5.2.2) lib/action_dispatch/middleware/request_id.rb:27:in `call'
rack (2.0.6) lib/rack/method_override.rb:22:in `call'
rack (2.0.6) lib/rack/runtime.rb:22:in `call'
activesupport (5.2.2) lib/active_support/cache/strategy/local_cache_middleware.rb:29:in `call'
actionpack (5.2.2) lib/action_dispatch/middleware/executor.rb:14:in `call'
actionpack (5.2.2) lib/action_dispatch/middleware/static.rb:127:in `call'
rack (2.0.6) lib/rack/sendfile.rb:111:in `call'
railties (5.2.2) lib/rails/engine.rb:524:in `call'
puma (3.12.0) lib/puma/configuration.rb:225:in `call'
puma (3.12.0) lib/puma/server.rb:658:in `handle_request'
puma (3.12.0) lib/puma/server.rb:472:in `process_client'
puma (3.12.0) lib/puma/server.rb:332:in `block in run'
puma (3.12.0) lib/puma/thread_pool.rb:133:in `block in spawn_thread'
Started GET "/api/v1/alpha_to_number?string=aac" for 127.0.0.1 at 2019-02-11 13:46:26 +0530
Processing by Api::V1::AlphaNumericController#alpha_to_number as */*
  Parameters: {"string"=>"aac"}
Completed 200 OK in 1ms (Views: 0.2ms)


Started GET "/api/v1/alpha_to_number?string=" for 127.0.0.1 at 2019-02-11 13:46:30 +0530
Processing by Api::V1::AlphaNumericController#alpha_to_number as */*
  Parameters: {"string"=>""}
Completed 200 OK in 0ms (Views: 0.1ms)


Started GET "/api/v1/alpha_to_number?string=" for 127.0.0.1 at 2019-02-11 13:47:25 +0530
Processing by Api::V1::AlphaNumericController#alpha_to_number as */*
  Parameters: {"string"=>""}
Completed 500 Internal Server Error in 1ms (Views: 0.2ms)


  
AbstractController::DoubleRenderError (Render and/or redirect were called multiple times in this action. Please note that you may only call render OR redirect, and at most once per action. Also note that neither redirect nor render terminate execution of the action, so if you want to exit an action after redirecting, you need to do something like "redirect_to(...) and return".):
  
app/controllers/api/v1/alpha_numeric_controller.rb:16:in `alpha_to_number'
Started GET "/api/v1/alpha_to_number?string=" for 127.0.0.1 at 2019-02-11 13:47:40 +0530
Processing by Api::V1::AlphaNumericController#alpha_to_number as */*
  Parameters: {"string"=>""}
Completed 400 Bad Request in 7ms (Views: 0.3ms)


Started GET "/api/v1/alpha_to_number?string=" for 127.0.0.1 at 2019-02-11 13:47:51 +0530
Processing by Api::V1::AlphaNumericController#alpha_to_number as */*
  Parameters: {"string"=>""}
Completed 400 Bad Request in 1ms (Views: 0.3ms)


Started GET "/api/v1/alpha_to_number?string=" for 127.0.0.1 at 2019-02-11 13:47:58 +0530
Processing by Api::V1::AlphaNumericController#alpha_to_number as */*
  Parameters: {"string"=>""}
Completed 400 Bad Request in 1ms (Views: 0.3ms)


Started GET "/api/v1/alpha_to_number?string=" for 127.0.0.1 at 2019-02-11 13:48:19 +0530
Processing by Api::V1::AlphaNumericController#alpha_to_number as */*
  Parameters: {"string"=>""}
Completed 400 Bad Request in 1ms (Views: 0.2ms)


Started GET "/api/v1/alpha_to_number?string=" for 127.0.0.1 at 2019-02-11 13:49:52 +0530
Processing by Api::V1::AlphaNumericController#alpha_to_number as */*
  Parameters: {"string"=>""}
Completed 400 Bad Request in 0ms (Views: 0.2ms)


Started GET "/api/v1/alpha_to_number?string=AAB" for 127.0.0.1 at 2019-02-11 13:49:59 +0530
Processing by Api::V1::AlphaNumericController#alpha_to_number as */*
  Parameters: {"string"=>"AAB"}
Completed 200 OK in 0ms (Views: 0.1ms)


Started GET "/api/v1/alpha_to_number?string=BAA" for 127.0.0.1 at 2019-02-11 13:50:06 +0530
Processing by Api::V1::AlphaNumericController#alpha_to_number as */*
  Parameters: {"string"=>"BAA"}
Completed 200 OK in 1ms (Views: 0.1ms)


